# JRE version: Java(TM) SE Runtime Environment (8.0_91-b15) (build 1.8.0_91-b15)
# Java VM: Java HotSpot(TM) 64-Bit Server VM (25.91-b15 mixed mode windows-amd64 compressed oops)
Heap:
 PSYoungGen      total 320000K, used 250199K [0x00000000eab00000, 0x0000000100000000, 0x0000000100000000)
  eden space 301568K, 76% used [0x00000000eab00000,0x00000000f8d8f4e8,0x00000000fd180000)
  from space 18432K, 98% used [0x00000000fd180000,0x00000000fe346ad8,0x00000000fe380000)
  to   space 25600K, 0% used [0x00000000fe700000,0x00000000fe700000,0x0000000100000000)
 ParOldGen       total 101376K, used 26495K [0x00000000c0000000, 0x00000000c6300000, 0x00000000eab00000)
  object space 101376K, 26% used [0x00000000c0000000,0x00000000c19dfd40,0x00000000c6300000)
 Metaspace       used 63464K, capacity 64888K, committed 66304K, reserved 1105920K
  class space    used 8224K, capacity 8590K, committed 8960K, reserved 1048576K
GC Heap History (10 events):
Event: 845.961 GC heap before
{Heap before GC invocations=23 (full 4):
 PSYoungGen      total 323072K, used 304949K [0x00000000eab00000, 0x0000000100000000, 0x0000000100000000)
  eden space 301056K, 100% used [0x00000000eab00000,0x00000000fd100000,0x00000000fd100000)
  from space 22016K, 17% used [0x00000000fea80000,0x00000000fee4d550,0x0000000100000000)
  to   space 24064K, 0% used [0x00000000fd100000,0x00000000fd100000,0x00000000fe880000)
 ParOldGen       total 71168K, used 58003K [0x00000000c0000000, 0x00000000c4580000, 0x00000000eab00000)
  object space 71168K, 81% used [0x00000000c0000000,0x00000000c38a4ec8,0x00000000c4580000)
 Metaspace       used 57818K, capacity 59672K, committed 60032K, reserved 1101824K
  class space    used 7700K, capacity 8194K, committed 8320K, reserved 1048576K
Event: 846.098 GC heap after
Heap after GC invocations=23 (full 4):
 PSYoungGen      total 325120K, used 11424K [0x00000000eab00000, 0x0000000100000000, 0x0000000100000000)
  eden space 301056K, 0% used [0x00000000eab00000,0x00000000eab00000,0x00000000fd100000)
  from space 24064K, 47% used [0x00000000fd100000,0x00000000fdc28000,0x00000000fe880000)
  to   space 23552K, 0% used [0x00000000fe900000,0x00000000fe900000,0x0000000100000000)
 ParOldGen       total 71168K, used 60113K [0x00000000c0000000, 0x00000000c4580000, 0x00000000eab00000)
  object space 71168K, 84% used [0x00000000c0000000,0x00000000c3ab4400,0x00000000c4580000)
 Metaspace       used 57818K, capacity 59672K, committed 60032K, reserved 1101824K
  class space    used 7700K, capacity 8194K, committed 8320K, reserved 1048576K
}
Event: 846.205 GC heap before
{Heap before GC invocations=24 (full 5):
 PSYoungGen      total 325120K, used 11424K [0x00000000eab00000, 0x0000000100000000, 0x0000000100000000)
  eden space 301056K, 0% used [0x00000000eab00000,0x00000000eab00000,0x00000000fd100000)
  from space 24064K, 47% used [0x00000000fd100000,0x00000000fdc28000,0x00000000fe880000)
  to   space 23552K, 0% used [0x00000000fe900000,0x00000000fe900000,0x0000000100000000)
 ParOldGen       total 71168K, used 60113K [0x00000000c0000000, 0x00000000c4580000, 0x00000000eab00000)
  object space 71168K, 84% used [0x00000000c0000000,0x00000000c3ab4400,0x00000000c4580000)
 Metaspace       used 57818K, capacity 59672K, committed 60032K, reserved 1101824K
  class space    used 7700K, capacity 8194K, committed 8320K, reserved 1048576K
Event: 962.210 GC heap after
Heap after GC invocations=24 (full 5):
 PSYoungGen      total 325120K, used 0K [0x00000000eab00000, 0x0000000100000000, 0x0000000100000000)
  eden space 301056K, 0% used [0x00000000eab00000,0x00000000eab00000,0x00000000fd100000)
  from space 24064K, 0% used [0x00000000fd100000,0x00000000fd100000,0x00000000fe880000)
  to   space 23552K, 0% used [0x00000000fe900000,0x00000000fe900000,0x0000000100000000)
 ParOldGen       total 101376K, used 67933K [0x00000000c0000000, 0x00000000c6300000, 0x00000000eab00000)
  object space 101376K, 67% used [0x00000000c0000000,0x00000000c4257648,0x00000000c6300000)
 Metaspace       used 57818K, capacity 59672K, committed 60032K, reserved 1101824K
  class space    used 7700K, capacity 8194K, committed 8320K, reserved 1048576K
}
Event: 1167.400 GC heap before
{Heap before GC invocations=25 (full 5):
 PSYoungGen      total 325120K, used 114544K [0x00000000eab00000, 0x0000000100000000, 0x0000000100000000)
  eden space 301056K, 38% used [0x00000000eab00000,0x00000000f1adc140,0x00000000fd100000)
  from space 24064K, 0% used [0x00000000fd100000,0x00000000fd100000,0x00000000fe880000)
  to   space 23552K, 0% used [0x00000000fe900000,0x00000000fe900000,0x0000000100000000)
 ParOldGen       total 101376K, used 67933K [0x00000000c0000000, 0x00000000c6300000, 0x00000000eab00000)
  object space 101376K, 67% used [0x00000000c0000000,0x00000000c4257648,0x00000000c6300000)
 Metaspace       used 58471K, capacity 60366K, committed 60544K, reserved 1101824K
  class space    used 7787K, capacity 8267K, committed 8320K, reserved 1048576K
Event: 1168.230 GC heap after
Heap after GC invocations=25 (full 5):
 PSYoungGen      total 324608K, used 1309K [0x00000000eab00000, 0x00000000fff80000, 0x0000000100000000)
  eden space 301568K, 0% used [0x00000000eab00000,0x00000000eab00000,0x00000000fd180000)
  from space 23040K, 5% used [0x00000000fe900000,0x00000000fea47768,0x00000000fff80000)
  to   space 23552K, 0% used [0x00000000fd180000,0x00000000fd180000,0x00000000fe880000)
 ParOldGen       total 101376K, used 67941K [0x00000000c0000000, 0x00000000c6300000, 0x00000000eab00000)
  object space 101376K, 67% used [0x00000000c0000000,0x00000000c4259648,0x00000000c6300000)
 Metaspace       used 58471K, capacity 60366K, committed 60544K, reserved 1101824K
  class space    used 7787K, capacity 8267K, committed 8320K, reserved 1048576K
}
Event: 1168.230 GC heap before
{Heap before GC invocations=26 (full 6):
 PSYoungGen      total 324608K, used 1309K [0x00000000eab00000, 0x00000000fff80000, 0x0000000100000000)
  eden space 301568K, 0% used [0x00000000eab00000,0x00000000eab00000,0x00000000fd180000)
  from space 23040K, 5% used [0x00000000fe900000,0x00000000fea47768,0x00000000fff80000)
  to   space 23552K, 0% used [0x00000000fd180000,0x00000000fd180000,0x00000000fe880000)
 ParOldGen       total 101376K, used 67941K [0x00000000c0000000, 0x00000000c6300000, 0x00000000eab00000)
  object space 101376K, 67% used [0x00000000c0000000,0x00000000c4259648,0x00000000c6300000)
 Metaspace       used 58471K, capacity 60366K, committed 60544K, reserved 1101824K
  class space    used 7787K, capacity 8267K, committed 8320K, reserved 1048576K
Event: 1170.245 GC heap after
Heap after GC invocations=26 (full 6):
 PSYoungGen      total 324608K, used 0K [0x00000000eab00000, 0x00000000fff80000, 0x0000000100000000)
  eden space 301568K, 0% used [0x00000000eab00000,0x00000000eab00000,0x00000000fd180000)
  from space 23040K, 0% used [0x00000000fe900000,0x00000000fe900000,0x00000000fff80000)
  to   space 23552K, 0% used [0x00000000fd180000,0x00000000fd180000,0x00000000fe880000)
 ParOldGen       total 101376K, used 26487K [0x00000000c0000000, 0x00000000c6300000, 0x00000000eab00000)
  object space 101376K, 26% used [0x00000000c0000000,0x00000000c19ddd40,0x00000000c6300000)
 Metaspace       used 56878K, capacity 57868K, committed 60544K, reserved 1101824K
  class space    used 7423K, capacity 7654K, committed 8320K, reserved 1048576K
}
Event: 2450.327 GC heap before
{Heap before GC invocations=27 (full 6):
 PSYoungGen      total 324608K, used 301568K [0x00000000eab00000, 0x00000000fff80000, 0x0000000100000000)
  eden space 301568K, 100% used [0x00000000eab00000,0x00000000fd180000,0x00000000fd180000)
  from space 23040K, 0% used [0x00000000fe900000,0x00000000fe900000,0x00000000fff80000)
  to   space 23552K, 0% used [0x00000000fd180000,0x00000000fd180000,0x00000000fe880000)
 ParOldGen       total 101376K, used 26487K [0x00000000c0000000, 0x00000000c6300000, 0x00000000eab00000)
  object space 101376K, 26% used [0x00000000c0000000,0x00000000c19ddd40,0x00000000c6300000)
 Metaspace       used 57521K, capacity 58916K, committed 60544K, reserved 1101824K
  class space    used 7545K, capacity 7868K, committed 8320K, reserved 1048576K
Event: 2492.433 GC heap after
Heap after GC invocations=27 (full 6):
 PSYoungGen      total 320000K, used 18202K [0x00000000eab00000, 0x0000000100000000, 0x0000000100000000)
  eden space 301568K, 0% used [0x00000000eab00000,0x00000000eab00000,0x00000000fd180000)
  from space 18432K, 98% used [0x00000000fd180000,0x00000000fe346ad8,0x00000000fe380000)
  to   space 25600K, 0% used [0x00000000fe700000,0x00000000fe700000,0x0000000100000000)
 ParOldGen       total 101376K, used 26495K [0x00000000c0000000, 0x00000000c6300000, 0x00000000eab00000)
  object space 101376K, 26% used [0x00000000c0000000,0x00000000c19dfd40,0x00000000c6300000)
 Metaspace       used 57521K, capacity 58916K, committed 60544K, reserved 1101824K
  class space    used 7545K, capacity 7868K, committed 8320K, reserved 1048576K
}

